[INFO  - 2020-04-29T08:56:16.342Z] GhostDriver - Main - running on port 52131
[INFO  - 2020-04-29T08:56:16.532Z] Session [49248900-89f7-11ea-9344-6bb82bc40219] - page.settings - {"XSSAuditingEnabled":false,"javascriptCanCloseWindows":true,"javascriptCanOpenWindows":true,"javascriptEnabled":true,"loadImages":true,"localToRemoteUrlAccessEnabled":false,"userAgent":"Mozilla/5.0 (Macintosh; Intel Mac OS X) AppleWebKit/538.1 (KHTML, like Gecko) PhantomJS/2.1.1 Safari/538.1","webSecurityEnabled":true}
[INFO  - 2020-04-29T08:56:16.532Z] Session [49248900-89f7-11ea-9344-6bb82bc40219] - page.customHeaders:  - {}
[INFO  - 2020-04-29T08:56:16.532Z] Session [49248900-89f7-11ea-9344-6bb82bc40219] - Session.negotiatedCapabilities - {"browserName":"phantomjs","version":"2.1.1","driverName":"ghostdriver","driverVersion":"1.2.0","platform":"mac-unknown-64bit","javascriptEnabled":true,"takesScreenshot":true,"handlesAlerts":false,"databaseEnabled":false,"locationContextEnabled":false,"applicationCacheEnabled":false,"browserConnectionEnabled":false,"cssSelectorsEnabled":true,"webStorageEnabled":false,"rotatable":false,"acceptSslCerts":false,"nativeEvents":true,"proxy":{"proxyType":"direct"}}
[INFO  - 2020-04-29T08:56:16.532Z] SessionManagerReqHand - _postNewSessionCommand - New Session Created: 49248900-89f7-11ea-9344-6bb82bc40219
[ERROR - 2020-04-29T08:56:18.508Z] Session [49248900-89f7-11ea-9344-6bb82bc40219] - page.onError - msg: TypeError: null is not an object (evaluating 'da_ua.match(/Version\/([0-9\.]+)/i)[1]')

  phantomjs://platform/console++.js:263 in error
[ERROR - 2020-04-29T08:56:18.508Z] Session [49248900-89f7-11ea-9344-6bb82bc40219] - page.onError - stack:
  searchBrowserVersion (https://ssl.pstatic.net/tveta/libs/assets/js/pc/main/min/pc.veta.core.min.js?20180228:1)
  init (https://ssl.pstatic.net/tveta/libs/assets/js/pc/main/min/pc.veta.core.min.js?20180228:1)

  phantomjs://platform/console++.js:263 in error
[ERROR - 2020-04-29T08:56:18.514Z] Session [49248900-89f7-11ea-9344-6bb82bc40219] - page.onError - msg: TypeError: undefined is not a constructor (evaluating 'new naver_corp_da.ActiveViewIFRAME')

  phantomjs://platform/console++.js:263 in error
[ERROR - 2020-04-29T08:56:18.514Z] Session [49248900-89f7-11ea-9344-6bb82bc40219] - page.onError - stack:
  (anonymous function) (https://veta.naver.com/fxshow?su=SU10352:28)
  k (https://ssl.pstatic.net/tveta/libs/external/js/jquery-1.8.0.min.js?20161024:2)
  fireWith (https://ssl.pstatic.net/tveta/libs/external/js/jquery-1.8.0.min.js?20161024:2)
  ready (https://ssl.pstatic.net/tveta/libs/external/js/jquery-1.8.0.min.js?20161024:2)
  D (https://ssl.pstatic.net/tveta/libs/external/js/jquery-1.8.0.min.js?20161024:2)

  phantomjs://platform/console++.js:263 in error
